Using pre-set license
Built from '2020.2/staging' branch; Version is '2020.2.0b4 (7b778e331e0b) revision 8091534'; Using compiler version '192528614'; Build Type 'Release'
OS: 'Windows 10  (10.0.0) 64bit' Language: 'pt' Physical Memory: 6027 MB
BatchMode: 1, IsHumanControllingUs: 0, StartBugReporterOnCrash: 0, Is64bit: 1, IsPro: 0

 COMMAND LINE ARGUMENTS:
C:\Program Files\Unity\Hub\Editor\2020.2.0b4\Editor\Unity.exe
-adb2
-batchMode
-noUpm
-name
AssetImportWorker0
-projectPath
C:/GIT/Space_Wars/Piloto_Space_Wars
-logFile
Logs/AssetImportWorker0.log
-srvPort
49880
Successfully changed project path to: C:/GIT/Space_Wars/Piloto_Space_Wars
C:/GIT/Space_Wars/Piloto_Space_Wars
Using Asset Import Pipeline V2.
Refreshing native plugins compatible for Editor in 159.92 ms, found 0 plugins.
Preloading 0 native plugins for Editor in 0.00 ms.
Initialize engine version: 2020.2.0b4 (7b778e331e0b)
[Subsystems] Discovering subsystems at path C:/Program Files/Unity/Hub/Editor/2020.2.0b4/Editor/Data/Resources/UnitySubsystems
[Subsystems] Discovering subsystems at path C:/GIT/Space_Wars/Piloto_Space_Wars/Assets
GfxDevice: creating device client; threaded=0
Direct3D:
    Version:  Direct3D 11.0 [level 11.0]
    Renderer: NVIDIA GeForce GT 720M (ID=0x1140)
    Vendor:   
    VRAM:     2000 MB
    Driver:   23.21.13.8873
Initialize mono
Mono path[0] = 'C:/Program Files/Unity/Hub/Editor/2020.2.0b4/Editor/Data/Managed'
Mono path[1] = 'C:/Program Files/Unity/Hub/Editor/2020.2.0b4/Editor/Data/MonoBleedingEdge/lib/mono/unityjit'
Mono config path = 'C:/Program Files/Unity/Hub/Editor/2020.2.0b4/Editor/Data/MonoBleedingEdge/etc'
Using monoOptions --debugger-agent=transport=dt_socket,embedding=1,server=y,suspend=n,address=127.0.0.1:56956
Begin MonoManager ReloadAssembly
Registering precompiled unity dll's ...
Register platform support module: C:/Program Files/Unity/Hub/Editor/2020.2.0b4/Editor/Data/PlaybackEngines/WindowsStandaloneSupport/UnityEditor.WindowsStandalone.Extensions.dll
Registered in 0.003195 seconds.
Native extension for WindowsStandalone target not found
Refreshing native plugins compatible for Editor in 65.28 ms, found 0 plugins.
Preloading 0 native plugins for Editor in 0.00 ms.
Invoked RoslynAnalysisRunner static constructor.
RoslynAnalysisRunner will not be running.
RoslynAnalysisRunner has terminated.
Mono: successfully reloaded assembly
- Completed reload, in  3.053 seconds
Platform modules already initialized, skipping
Registering precompiled user dll's ...
Registered in 0.004529 seconds.
Begin MonoManager ReloadAssembly
Symbol file LoadedFromMemory doesn't match image C:\GIT\Space_Wars\Piloto_Space_Wars\Library\PackageCache\com.unity.ext.nunit@1.0.0\net35\unity-custom\nunit.framework.dll
Native extension for WindowsStandalone target not found
Refreshing native plugins compatible for Editor in 0.70 ms, found 0 plugins.
Preloading 0 native plugins for Editor in 0.00 ms.
Invoked RoslynAnalysisRunner static constructor.
RoslynAnalysisRunner will not be running.
RoslynAnalysisRunner has terminated.
Mono: successfully reloaded assembly
- Completed reload, in  1.537 seconds
Platform modules already initialized, skipping
========================================================================
Worker process is ready to serve import requests
Launched and connected shader compiler UnityShaderCompiler.exe after 0.24 seconds
Refreshing native plugins compatible for Editor in 0.56 ms, found 0 plugins.
Preloading 0 native plugins for Editor in 0.00 ms.
Unloading 1391 Unused Serialized files (Serialized files now loaded: 0)
System memory in use before: 65.2 MB.
System memory in use after: 65.2 MB.

Unloading 33 unused Assets to reduce memory usage. Loaded Objects now: 1816.
Total: 2.691300 ms (FindLiveObjects: 0.406300 ms CreateObjectMapping: 0.087100 ms MarkObjects: 2.109400 ms  DeleteObjects: 0.086600 ms)

========================================================================
Received Import Request.
  path: Assets/Sprites/UISprites/MenuBtn.png
  artifactKey: Guid(377a0a70cc1cdc44abad475ab32cb9f6) Importer(815301076,1909f56bfc062723c751e8b465ee728b)
Start importing Assets/Sprites/UISprites/MenuBtn.png using Guid(377a0a70cc1cdc44abad475ab32cb9f6) Importer(815301076,1909f56bfc062723c751e8b465ee728b)  -> (artifact id: 'd1b2d8bb7d846446af55f6614393781c') in 0.605896 seconds
  Import took 0.640051 seconds .

========================================================================
Received Import Request.
  Time since last request: 0.000486 seconds.
  path: Assets/Sprites/UISprites/Pause-Btn.png
  artifactKey: Guid(c02a3d824e3e5144b9d2655de0508d9f) Importer(815301076,1909f56bfc062723c751e8b465ee728b)
Start importing Assets/Sprites/UISprites/Pause-Btn.png using Guid(c02a3d824e3e5144b9d2655de0508d9f) Importer(815301076,1909f56bfc062723c751e8b465ee728b)  -> (artifact id: 'c53d858db44a73566dc319eca6b5c8bd') in 0.061932 seconds
  Import took 0.100375 seconds .

========================================================================
Received Import Request.
  Time since last request: 0.000454 seconds.
  path: Assets/Sprites/UISprites/RestartBtn.png
  artifactKey: Guid(39b327d5320e16a4a8aee99e2eb3fb48) Importer(815301076,1909f56bfc062723c751e8b465ee728b)
Start importing Assets/Sprites/UISprites/RestartBtn.png using Guid(39b327d5320e16a4a8aee99e2eb3fb48) Importer(815301076,1909f56bfc062723c751e8b465ee728b)  -> (artifact id: '05548ebefb6f40dfef74202a2f5ea6fe') in 0.052173 seconds
  Import took 0.090483 seconds .

========================================================================
Received Import Request.
  Time since last request: 0.000410 seconds.
  path: Assets/Sprites/UISprites/Window.png
  artifactKey: Guid(abd6e093eb55d3e4c9aa8cdf2f5841dd) Importer(815301076,1909f56bfc062723c751e8b465ee728b)
Start importing Assets/Sprites/UISprites/Window.png using Guid(abd6e093eb55d3e4c9aa8cdf2f5841dd) Importer(815301076,1909f56bfc062723c751e8b465ee728b)  -> (artifact id: 'bb8ecef6870967a57daaf31574a034b6') in 0.835283 seconds
  Import took 0.861563 seconds .

========================================================================
Received Import Request.
  Time since last request: 0.000449 seconds.
  path: Assets/Sprites/UISprites/jumpCtrler - Copia.png
  artifactKey: Guid(4f935d7ad754c154eacf97409983f14c) Importer(815301076,1909f56bfc062723c751e8b465ee728b)
Start importing Assets/Sprites/UISprites/jumpCtrler - Copia.png using Guid(4f935d7ad754c154eacf97409983f14c) Importer(815301076,1909f56bfc062723c751e8b465ee728b)  -> (artifact id: 'd8afd9d5a315d0375b7fa6f1daae2725') in 0.064261 seconds
  Import took 0.114748 seconds .

========================================================================
Received Import Request.
  Time since last request: 0.000473 seconds.
  path: Assets/Sprites/UISprites/shootCtrl.png
  artifactKey: Guid(2720fc2739a849e4ba887ad08100cbc5) Importer(815301076,1909f56bfc062723c751e8b465ee728b)
Start importing Assets/Sprites/UISprites/shootCtrl.png using Guid(2720fc2739a849e4ba887ad08100cbc5) Importer(815301076,1909f56bfc062723c751e8b465ee728b)  -> (artifact id: 'e2fe15b770984be5bb3d724e7b2e4675') in 0.078074 seconds
  Import took 0.099173 seconds .

========================================================================
Received Import Request.
  Time since last request: 0.000624 seconds.
  path: Assets/Sprites/UISprites/jumpCtrler - Copia.png
  artifactKey: Guid(4f935d7ad754c154eacf97409983f14c) Importer(815301076,1909f56bfc062723c751e8b465ee728b)
Start importing Assets/Sprites/UISprites/jumpCtrler - Copia.png using Guid(4f935d7ad754c154eacf97409983f14c) Importer(815301076,1909f56bfc062723c751e8b465ee728b)  -> (artifact id: 'd8afd9d5a315d0375b7fa6f1daae2725') in 0.033818 seconds
  Import took 0.065500 seconds .

========================================================================
Received Import Request.
  Time since last request: 0.000445 seconds.
  path: Assets/Sprites/UISprites/jumpCtrler.png
  artifactKey: Guid(0b625d59cc920c94088b7a322022a676) Importer(815301076,1909f56bfc062723c751e8b465ee728b)
Start importing Assets/Sprites/UISprites/jumpCtrler.png using Guid(0b625d59cc920c94088b7a322022a676) Importer(815301076,1909f56bfc062723c751e8b465ee728b)  -> (artifact id: 'ae0fa1e81a7582f02754fc7937de092d') in 0.070430 seconds
  Import took 0.101778 seconds .

========================================================================
Received Import Request.
  Time since last request: 0.000386 seconds.
  path: Assets/Sprites/UISprites/LittleRobotSoundFactory_Logo_Big_00.png
  artifactKey: Guid(847d4540b675be848b13d5614adc3da6) Importer(815301076,1909f56bfc062723c751e8b465ee728b)
Start importing Assets/Sprites/UISprites/LittleRobotSoundFactory_Logo_Big_00.png using Guid(847d4540b675be848b13d5614adc3da6) Importer(815301076,1909f56bfc062723c751e8b465ee728b)  -> (artifact id: '5e471c484dad5a3c1c108afb3c819534') in 0.135404 seconds
  Import took 0.156413 seconds .

========================================================================
Received Import Request.
  Time since last request: 0.000403 seconds.
  path: Assets/Sprites/UISprites/RedBtn2.png
  artifactKey: Guid(6ed7551fefc32ef4b8163662ef220504) Importer(815301076,1909f56bfc062723c751e8b465ee728b)
Start importing Assets/Sprites/UISprites/RedBtn2.png using Guid(6ed7551fefc32ef4b8163662ef220504) Importer(815301076,1909f56bfc062723c751e8b465ee728b)  -> (artifact id: '1b3b4c3a258121024290d36b81090d14') in 0.131860 seconds
  Import took 0.160180 seconds .

========================================================================
Received Import Request.
  Time since last request: 0.000495 seconds.
  path: Assets/Sprites/UISprites/OrangeBtn1.png
  artifactKey: Guid(a8bbb7cedb4611240a0133ccede105d4) Importer(815301076,1909f56bfc062723c751e8b465ee728b)
Start importing Assets/Sprites/UISprites/OrangeBtn1.png using Guid(a8bbb7cedb4611240a0133ccede105d4) Importer(815301076,1909f56bfc062723c751e8b465ee728b)  -> (artifact id: 'a77a9e77f95d1782b92d8c5eebf7e6f7') in 0.228345 seconds
  Import took 0.254180 seconds .

========================================================================
Received Import Request.
  Time since last request: 0.000476 seconds.
  path: Assets/Sprites/UISprites/PlayBtn.png
  artifactKey: Guid(6d6e2b418d0cc6c42a51c274646461a6) Importer(815301076,1909f56bfc062723c751e8b465ee728b)
Start importing Assets/Sprites/UISprites/PlayBtn.png using Guid(6d6e2b418d0cc6c42a51c274646461a6) Importer(815301076,1909f56bfc062723c751e8b465ee728b)  -> (artifact id: 'fe628524a78180b481725f12397cafc3') in 0.075222 seconds
  Import took 0.099563 seconds .

========================================================================
Received Import Request.
  Time since last request: 0.000427 seconds.
  path: Assets/Sprites/UISprites/Watch_video_Icon.png
  artifactKey: Guid(6a1c593935284e34e97ac3548ec900d1) Importer(815301076,1909f56bfc062723c751e8b465ee728b)
Start importing Assets/Sprites/UISprites/Watch_video_Icon.png using Guid(6a1c593935284e34e97ac3548ec900d1) Importer(815301076,1909f56bfc062723c751e8b465ee728b)  -> (artifact id: 'fd82bd5901b4538e798f5a418a978e1d') in 0.102827 seconds
  Import took 0.119233 seconds .

========================================================================
Received Import Request.
  Time since last request: 9.051085 seconds.
  path: Assets/Sprites/UISprites/Achievment_icon.png
  artifactKey: Guid(d4949f3d636c5f04693ac1aaab5fc67a) Importer(815301076,1909f56bfc062723c751e8b465ee728b)
Start importing Assets/Sprites/UISprites/Achievment_icon.png using Guid(d4949f3d636c5f04693ac1aaab5fc67a) Importer(815301076,1909f56bfc062723c751e8b465ee728b)  -> (artifact id: '00ec1f6a66b672e14dd1317b29f75dee') in 0.107767 seconds
  Import took 0.113147 seconds .

========================================================================
Received Import Request.
  Time since last request: 0.000434 seconds.
  path: Assets/Sprites/UISprites/CloseBtn.png
  artifactKey: Guid(d3502882c10b9004fb84880a4a5a99cb) Importer(815301076,1909f56bfc062723c751e8b465ee728b)
Start importing Assets/Sprites/UISprites/CloseBtn.png using Guid(d3502882c10b9004fb84880a4a5a99cb) Importer(815301076,1909f56bfc062723c751e8b465ee728b)  -> (artifact id: '25e0fb7c4e50f7cdf7abe34ed013966c') in 0.046685 seconds
  Import took 0.073620 seconds .

========================================================================
Received Import Request.
  Time since last request: 0.002428 seconds.
  path: Assets/Sprites/UISprites/Icon.png
  artifactKey: Guid(b77baea34d8acbd42ba9f782ef81ed73) Importer(815301076,1909f56bfc062723c751e8b465ee728b)
Start importing Assets/Sprites/UISprites/Icon.png using Guid(b77baea34d8acbd42ba9f782ef81ed73) Importer(815301076,1909f56bfc062723c751e8b465ee728b)  -> (artifact id: '37c960bcdb808851b70bbedccf5d279d') in 0.236178 seconds
  Import took 0.264848 seconds .

========================================================================
Received Import Request.
  Time since last request: 0.000566 seconds.
  path: Assets/Sprites/UISprites/Icon1024.png
  artifactKey: Guid(ed9fed281b8c8a340aa8351cc52767c2) Importer(815301076,1909f56bfc062723c751e8b465ee728b)
Start importing Assets/Sprites/UISprites/Icon1024.png using Guid(ed9fed281b8c8a340aa8351cc52767c2) Importer(815301076,1909f56bfc062723c751e8b465ee728b)  -> (artifact id: '59f16bb44468fa9711c02d240a0e4468') in 0.231373 seconds
  Import took 0.236031 seconds .

========================================================================
Received Import Request.
  Time since last request: 0.000432 seconds.
  path: Assets/Sprites/UISprites/jumpCtrler - Copia - Copia (2).png
  artifactKey: Guid(f864c8c06ea0a1e47b12f928a714f7e8) Importer(815301076,1909f56bfc062723c751e8b465ee728b)
Start importing Assets/Sprites/UISprites/jumpCtrler - Copia - Copia (2).png using Guid(f864c8c06ea0a1e47b12f928a714f7e8) Importer(815301076,1909f56bfc062723c751e8b465ee728b)  -> (artifact id: 'f46479d30598c1922fefe0d700a75aeb') in 0.108137 seconds
  Import took 0.149134 seconds .

========================================================================
Received Import Request.
  Time since last request: 0.000430 seconds.
  path: Assets/Sprites/UISprites/jumpCtrler - Copia - Copia.png
  artifactKey: Guid(9cba45f6f0e33294d8a17abd5277f880) Importer(815301076,1909f56bfc062723c751e8b465ee728b)
Start importing Assets/Sprites/UISprites/jumpCtrler - Copia - Copia.png using Guid(9cba45f6f0e33294d8a17abd5277f880) Importer(815301076,1909f56bfc062723c751e8b465ee728b)  -> (artifact id: 'c91f62d92e921f6655f361552c2e2fb3') in 0.101044 seconds
  Import took 0.115183 seconds .

========================================================================
Received Import Request.
  Time since last request: 0.000428 seconds.
  path: Assets/Sprites/UISprites/Button.png
  artifactKey: Guid(be859fb7f90e8e94b99456b86a15bfea) Importer(815301076,1909f56bfc062723c751e8b465ee728b)
Start importing Assets/Sprites/UISprites/Button.png using Guid(be859fb7f90e8e94b99456b86a15bfea) Importer(815301076,1909f56bfc062723c751e8b465ee728b)  -> (artifact id: 'e1ed0e3926cc0223a93db9e3af0b2b2b') in 0.809819 seconds
  Import took 0.816707 seconds .

========================================================================
Received Prepare
Reloading mono domain
Begin MonoManager ReloadAssembly
Registering precompiled unity dll's ...
Register platform support module: C:/Program Files/Unity/Hub/Editor/2020.2.0b4/Editor/Data/PlaybackEngines/WindowsStandaloneSupport/UnityEditor.WindowsStandalone.Extensions.dll
Registered in 0.005115 seconds.
Symbol file LoadedFromMemory doesn't match image C:\GIT\Space_Wars\Piloto_Space_Wars\Library\PackageCache\com.unity.ext.nunit@1.0.0\net35\unity-custom\nunit.framework.dll
Native extension for WindowsStandalone target not found
Refreshing native plugins compatible for Editor in 63.37 ms, found 0 plugins.
Preloading 0 native plugins for Editor in 0.00 ms.
Invoked RoslynAnalysisRunner static constructor.
RoslynAnalysisRunner will not be running.
RoslynAnalysisRunner has terminated.
Mono: successfully reloaded assembly
- Completed reload, in  1.893 seconds
Platform modules already initialized, skipping
Registering precompiled user dll's ...
Registered in 0.004010 seconds.
Begin MonoManager ReloadAssembly
Symbol file LoadedFromMemory doesn't match image C:\GIT\Space_Wars\Piloto_Space_Wars\Library\PackageCache\com.unity.ext.nunit@1.0.0\net35\unity-custom\nunit.framework.dll
Native extension for WindowsStandalone target not found
Refreshing native plugins compatible for Editor in 0.78 ms, found 0 plugins.
Preloading 0 native plugins for Editor in 0.00 ms.
Invoked RoslynAnalysisRunner static constructor.
RoslynAnalysisRunner will not be running.
RoslynAnalysisRunner has terminated.
Mono: successfully reloaded assembly
- Completed reload, in  1.828 seconds
Platform modules already initialized, skipping
Refreshing native plugins compatible for Editor in 0.63 ms, found 0 plugins.
Preloading 0 native plugins for Editor in 0.00 ms.
Unloading 28 Unused Serialized files (Serialized files now loaded: 0)
System memory in use before: 41.7 MB.
System memory in use after: 41.8 MB.

Unloading 24 unused Assets to reduce memory usage. Loaded Objects now: 1956.
Total: 4.801000 ms (FindLiveObjects: 0.408400 ms CreateObjectMapping: 0.091700 ms MarkObjects: 4.237900 ms  DeleteObjects: 0.060500 ms)

========================================================================
Received Import Request.
  Time since last request: 3266.262187 seconds.
  path: Assets/Sprites/BulletSprites/Bullet1.png
  artifactKey: Guid(d46fd5e3aa8520a4d82c5f9a51f74b30) Importer(815301076,1909f56bfc062723c751e8b465ee728b)
Start importing Assets/Sprites/BulletSprites/Bullet1.png using Guid(d46fd5e3aa8520a4d82c5f9a51f74b30) Importer(815301076,1909f56bfc062723c751e8b465ee728b)  -> (artifact id: '2b25f76f21b8183bf078c29bc0869db3') in 0.831496 seconds
  Import took 0.955539 seconds .

========================================================================
Received Import Request.
  Time since last request: 0.000597 seconds.
  path: Assets/Sprites/BulletSprites/Bullet2.png
  artifactKey: Guid(21fdac08a32e4c7499c76dd2ca7d74c8) Importer(815301076,1909f56bfc062723c751e8b465ee728b)
Start importing Assets/Sprites/BulletSprites/Bullet2.png using Guid(21fdac08a32e4c7499c76dd2ca7d74c8) Importer(815301076,1909f56bfc062723c751e8b465ee728b)  -> (artifact id: '50985cb970041c9e699c4ef288bcfbdc') in 0.352205 seconds
  Import took 0.533936 seconds .

========================================================================
Received Import Request.
  Time since last request: 6.238151 seconds.
  path: Assets/Scenes/FirstLevel.unity
  artifactKey: Guid(16e011e31c46e014ab9eb4a0a9b898b0) Importer(815301076,1909f56bfc062723c751e8b465ee728b)
Start importing Assets/Scenes/FirstLevel.unity using Guid(16e011e31c46e014ab9eb4a0a9b898b0) Importer(815301076,1909f56bfc062723c751e8b465ee728b)  -> (artifact id: '7c7419454922f799917f2c323703dfa6') in 0.052908 seconds
  Import took 0.105851 seconds .

========================================================================
Received Import Request.
  Time since last request: 0.000504 seconds.
  path: Assets/Scenes/SecondLevel.unity
  artifactKey: Guid(0d952d9d3fdfa5f47a0e4330a6bfda85) Importer(815301076,1909f56bfc062723c751e8b465ee728b)
Start importing Assets/Scenes/SecondLevel.unity using Guid(0d952d9d3fdfa5f47a0e4330a6bfda85) Importer(815301076,1909f56bfc062723c751e8b465ee728b)  -> (artifact id: '26152802286aee03473f8c9f7596e2aa') in 0.075904 seconds
  Import took 0.115070 seconds .

========================================================================
Received Import Request.
  Time since last request: 0.000680 seconds.
  path: Assets/Scenes/FirstLevel.unity
  artifactKey: Guid(16e011e31c46e014ab9eb4a0a9b898b0) Importer(815301076,1909f56bfc062723c751e8b465ee728b)
Start importing Assets/Scenes/FirstLevel.unity using Guid(16e011e31c46e014ab9eb4a0a9b898b0) Importer(815301076,1909f56bfc062723c751e8b465ee728b)  -> (artifact id: '7c7419454922f799917f2c323703dfa6') in 0.030327 seconds
  Import took 0.037774 seconds .

========================================================================
Received Import Request.
  Time since last request: 0.000652 seconds.
  path: Assets/Scenes/SecondLevel.unity
  artifactKey: Guid(0d952d9d3fdfa5f47a0e4330a6bfda85) Importer(815301076,1909f56bfc062723c751e8b465ee728b)
Start importing Assets/Scenes/SecondLevel.unity using Guid(0d952d9d3fdfa5f47a0e4330a6bfda85) Importer(815301076,1909f56bfc062723c751e8b465ee728b)  -> (artifact id: '26152802286aee03473f8c9f7596e2aa') in 0.028649 seconds
  Import took 0.045756 seconds .

========================================================================
Received Import Request.
  Time since last request: 0.000643 seconds.
  path: Assets/Scenes/ThirdLevel.unity
  artifactKey: Guid(6f63c0b422e40594e9be895bc32aa2e0) Importer(815301076,1909f56bfc062723c751e8b465ee728b)
Start importing Assets/Scenes/ThirdLevel.unity using Guid(6f63c0b422e40594e9be895bc32aa2e0) Importer(815301076,1909f56bfc062723c751e8b465ee728b)  -> (artifact id: '1f6d0c814625d83ae47a737f23999f53') in 0.116901 seconds
  Import took 0.149262 seconds .

========================================================================
Received Import Request.
  Time since last request: 146.860424 seconds.
  path: Assets/Scenes/FirstLevel.unity
  artifactKey: Guid(16e011e31c46e014ab9eb4a0a9b898b0) Importer(815301076,1909f56bfc062723c751e8b465ee728b)
Start importing Assets/Scenes/FirstLevel.unity using Guid(16e011e31c46e014ab9eb4a0a9b898b0) Importer(815301076,1909f56bfc062723c751e8b465ee728b)  -> (artifact id: 'c8b68d3feb784b97796eba6ec8db986a') in 0.015845 seconds
  Import took 0.033255 seconds .

========================================================================
Received Import Request.
  Time since last request: 99.089899 seconds.
  path: Assets/Sprites/PlayerSprites/dino-spaceship-flying-game-character.png
  artifactKey: Guid(0a30cb859c538ad4892f546e44d86efe) Importer(815301076,1909f56bfc062723c751e8b465ee728b)
Start importing Assets/Sprites/PlayerSprites/dino-spaceship-flying-game-character.png using Guid(0a30cb859c538ad4892f546e44d86efe) Importer(815301076,1909f56bfc062723c751e8b465ee728b)  -> (artifact id: '63585aa8ee0b779ff53588cc079fe851') in 0.264662 seconds
  Import took 0.384275 seconds .

========================================================================
Received Import Request.
  Time since last request: 0.000573 seconds.
  path: Assets/Sprites/PlayerSprites/fish-spaceship-game-character 1.png
  artifactKey: Guid(89f60b6b7485bcc43a5731ef07752250) Importer(815301076,1909f56bfc062723c751e8b465ee728b)
Start importing Assets/Sprites/PlayerSprites/fish-spaceship-game-character 1.png using Guid(89f60b6b7485bcc43a5731ef07752250) Importer(815301076,1909f56bfc062723c751e8b465ee728b)  -> (artifact id: 'cc9ca8f76256e69585c92a3817f5d063') in 0.384871 seconds
  Import took 0.400428 seconds .

========================================================================
Received Import Request.
  Time since last request: 0.000406 seconds.
  path: Assets/Sprites/PlayerSprites/skeleton-MovingNIdle_0.png
  artifactKey: Guid(7f7b4463f92120c49ac2b76e97ba236c) Importer(815301076,1909f56bfc062723c751e8b465ee728b)
Start importing Assets/Sprites/PlayerSprites/skeleton-MovingNIdle_0.png using Guid(7f7b4463f92120c49ac2b76e97ba236c) Importer(815301076,1909f56bfc062723c751e8b465ee728b)  -> (artifact id: '7818c89fbf96bd64b82e601d37de8f5f') in 0.126118 seconds
  Import took 0.154391 seconds .

========================================================================
Received Import Request.
  Time since last request: 0.000393 seconds.
  path: Assets/Sprites/PlayerSprites/Smiling-spaceship-game-character.png
  artifactKey: Guid(61a02d659e2dbb246bbdba15c10bdff8) Importer(815301076,1909f56bfc062723c751e8b465ee728b)
Start importing Assets/Sprites/PlayerSprites/Smiling-spaceship-game-character.png using Guid(61a02d659e2dbb246bbdba15c10bdff8) Importer(815301076,1909f56bfc062723c751e8b465ee728b)  -> (artifact id: 'a558d5ae48c4815970a3d515fc03b15b') in 0.252892 seconds
  Import took 0.284193 seconds .

========================================================================
Received Import Request.
  Time since last request: 534.739108 seconds.
  path: Assets/Scenes/SecondLevel.unity
  artifactKey: Guid(0d952d9d3fdfa5f47a0e4330a6bfda85) Importer(815301076,1909f56bfc062723c751e8b465ee728b)
Start importing Assets/Scenes/SecondLevel.unity using Guid(0d952d9d3fdfa5f47a0e4330a6bfda85) Importer(815301076,1909f56bfc062723c751e8b465ee728b)  -> (artifact id: '961485cce619dcca1d057539d579b5a5') in 0.044512 seconds
  Import took 0.161618 seconds .

========================================================================
Received Import Request.
  Time since last request: 134.671826 seconds.
  path: Assets/Scenes/FourthLevel.unity
  artifactKey: Guid(5cd6bf699b73da1479269d383ccfd85d) Importer(815301076,1909f56bfc062723c751e8b465ee728b)
Start importing Assets/Scenes/FourthLevel.unity using Guid(5cd6bf699b73da1479269d383ccfd85d) Importer(815301076,1909f56bfc062723c751e8b465ee728b)  -> (artifact id: 'abc329e23ea6e0a3a008eb930e86bac1') in 0.063906 seconds
  Import took 0.089708 seconds .

========================================================================
Received Import Request.
  Time since last request: 137.971133 seconds.
  path: Assets/Scenes/FifthLevel.unity
  artifactKey: Guid(3e92a2ecca1a5ec4c93ce0cece0fe284) Importer(815301076,1909f56bfc062723c751e8b465ee728b)
Start importing Assets/Scenes/FifthLevel.unity using Guid(3e92a2ecca1a5ec4c93ce0cece0fe284) Importer(815301076,1909f56bfc062723c751e8b465ee728b)  -> (artifact id: '3978a6b1eca912f4e9f7f51ce965c89f') in 0.099538 seconds
  Import took 0.136013 seconds .

========================================================================
Received Import Request.
  Time since last request: 47.309378 seconds.
  path: Assets/Scenes/SixthLevel.unity
  artifactKey: Guid(cbdde320533835e4b9630e201a06bc3a) Importer(815301076,1909f56bfc062723c751e8b465ee728b)
Start importing Assets/Scenes/SixthLevel.unity using Guid(cbdde320533835e4b9630e201a06bc3a) Importer(815301076,1909f56bfc062723c751e8b465ee728b)  -> (artifact id: 'baf302c44c16799dd018d36c5f378c58') in 0.020510 seconds
  Import took 0.054957 seconds .

========================================================================
Received Prepare
Reloading mono domain
Begin MonoManager ReloadAssembly
Registering precompiled unity dll's ...
Register platform support module: C:/Program Files/Unity/Hub/Editor/2020.2.0b4/Editor/Data/PlaybackEngines/WindowsStandaloneSupport/UnityEditor.WindowsStandalone.Extensions.dll
Registered in 0.005442 seconds.
Symbol file LoadedFromMemory doesn't match image C:\GIT\Space_Wars\Piloto_Space_Wars\Library\PackageCache\com.unity.ext.nunit@1.0.0\net35\unity-custom\nunit.framework.dll
Native extension for WindowsStandalone target not found
Refreshing native plugins compatible for Editor in 79.61 ms, found 0 plugins.
Preloading 0 native plugins for Editor in 0.00 ms.
Invoked RoslynAnalysisRunner static constructor.
RoslynAnalysisRunner will not be running.
RoslynAnalysisRunner has terminated.
Mono: successfully reloaded assembly
- Completed reload, in  2.500 seconds
Platform modules already initialized, skipping
Registering precompiled user dll's ...
Registered in 0.004928 seconds.
Begin MonoManager ReloadAssembly
Symbol file LoadedFromMemory doesn't match image C:\GIT\Space_Wars\Piloto_Space_Wars\Library\PackageCache\com.unity.ext.nunit@1.0.0\net35\unity-custom\nunit.framework.dll
Native extension for WindowsStandalone target not found
Refreshing native plugins compatible for Editor in 1.34 ms, found 0 plugins.
Preloading 0 native plugins for Editor in 0.00 ms.
Invoked RoslynAnalysisRunner static constructor.
RoslynAnalysisRunner will not be running.
RoslynAnalysisRunner has terminated.
Mono: successfully reloaded assembly
- Completed reload, in  2.087 seconds
Platform modules already initialized, skipping
Refreshing native plugins compatible for Editor in 0.93 ms, found 0 plugins.
Preloading 0 native plugins for Editor in 0.00 ms.
Unloading 29 Unused Serialized files (Serialized files now loaded: 0)
System memory in use before: 41.8 MB.
System memory in use after: 42.0 MB.

Unloading 24 unused Assets to reduce memory usage. Loaded Objects now: 1969.
Total: 5.536600 ms (FindLiveObjects: 1.006800 ms CreateObjectMapping: 0.243400 ms MarkObjects: 4.234700 ms  DeleteObjects: 0.047900 ms)

AssetImportWorkerClient::OnTransportError - code=2 error=End of file
