Using pre-set license
Built from '2020.2/staging' branch; Version is '2020.2.0b4 (7b778e331e0b) revision 8091534'; Using compiler version '192528614'; Build Type 'Release'
OS: 'Windows 10  (10.0.0) 64bit' Language: 'pt' Physical Memory: 8071 MB
BatchMode: 1, IsHumanControllingUs: 0, StartBugReporterOnCrash: 0, Is64bit: 1, IsPro: 0

 COMMAND LINE ARGUMENTS:
C:\Program Files\Unity\Hub\Editor\2020.2.0b4\Editor\Unity.exe
-adb2
-batchMode
-noUpm
-name
AssetImportWorker0
-projectPath
D:/Git/Piloto_Space_Wars
-logFile
Logs/AssetImportWorker0.log
-srvPort
52331
Successfully changed project path to: D:/Git/Piloto_Space_Wars
D:/Git/Piloto_Space_Wars
Using Asset Import Pipeline V2.
Cannot set VR devices because the platform passed isn't supported by Unity.

Cannot set VR devices because the platform passed isn't supported by Unity.

Cannot set VR devices because the platform passed isn't supported by Unity.

Cannot set VR devices because the platform passed isn't supported by Unity.

Cannot set VR devices because the platform passed isn't supported by Unity.

Cannot set VR devices because the platform passed isn't supported by Unity.

Cannot set VR devices because the platform passed isn't supported by Unity.

Cannot set VR devices because the platform passed isn't supported by Unity.

Cannot set VR devices because the platform passed isn't supported by Unity.

Cannot set VR devices because the platform passed isn't supported by Unity.

Cannot set VR devices because the platform passed isn't supported by Unity.

Refreshing native plugins compatible for Editor in 81.25 ms, found 0 plugins.
Preloading 0 native plugins for Editor in 0.00 ms.
Initialize engine version: 2020.2.0b4 (7b778e331e0b)
[Subsystems] Discovering subsystems at path C:/Program Files/Unity/Hub/Editor/2020.2.0b4/Editor/Data/Resources/UnitySubsystems
[Subsystems] Discovering subsystems at path D:/Git/Piloto_Space_Wars/Assets
GfxDevice: creating device client; threaded=0
Direct3D:
    Version:  Direct3D 11.0 [level 11.0]
    Renderer: NVIDIA GeForce GT 630M (ID=0xde9)
    Vendor:   
    VRAM:     1990 MB
    Driver:   23.21.13.9135
Could not load symbol clCreateCommandQueueWithProperties : Não foi possível encontrar o procedimento especificado.


Initialize mono
Mono path[0] = 'C:/Program Files/Unity/Hub/Editor/2020.2.0b4/Editor/Data/Managed'
Mono path[1] = 'C:/Program Files/Unity/Hub/Editor/2020.2.0b4/Editor/Data/MonoBleedingEdge/lib/mono/unityjit'
Mono config path = 'C:/Program Files/Unity/Hub/Editor/2020.2.0b4/Editor/Data/MonoBleedingEdge/etc'
Using monoOptions --debugger-agent=transport=dt_socket,embedding=1,server=y,suspend=n,address=127.0.0.1:56860
Begin MonoManager ReloadAssembly
Registering precompiled unity dll's ...
Register platform support module: C:/Program Files/Unity/Hub/Editor/2020.2.0b4/Editor/Data/PlaybackEngines/WindowsStandaloneSupport/UnityEditor.WindowsStandalone.Extensions.dll
Registered in 0.004962 seconds.
Native extension for WindowsStandalone target not found
Refreshing native plugins compatible for Editor in 50.76 ms, found 0 plugins.
Preloading 0 native plugins for Editor in 0.00 ms.
Invoked RoslynAnalysisRunner static constructor.
RoslynAnalysisRunner will not be running.
RoslynAnalysisRunner has terminated.
Mono: successfully reloaded assembly
- Completed reload, in  3.806 seconds
Platform modules already initialized, skipping
Registering precompiled user dll's ...
Registered in 0.003770 seconds.
Begin MonoManager ReloadAssembly
Symbol file LoadedFromMemory doesn't match image D:\Git\Piloto_Space_Wars\Library\PackageCache\com.unity.ext.nunit@1.0.0\net35\unity-custom\nunit.framework.dll
Native extension for WindowsStandalone target not found
Refreshing native plugins compatible for Editor in 0.56 ms, found 0 plugins.
Preloading 0 native plugins for Editor in 0.00 ms.
Invoked RoslynAnalysisRunner static constructor.
RoslynAnalysisRunner will not be running.
RoslynAnalysisRunner has terminated.
Mono: successfully reloaded assembly
- Completed reload, in  1.681 seconds
Platform modules already initialized, skipping
========================================================================
Worker process is ready to serve import requests
Cannot set VR devices because the platform passed isn't supported by Unity.

Cannot set VR devices because the platform passed isn't supported by Unity.

Cannot set VR devices because the platform passed isn't supported by Unity.

Cannot set VR devices because the platform passed isn't supported by Unity.

Cannot set VR devices because the platform passed isn't supported by Unity.

Cannot set VR devices because the platform passed isn't supported by Unity.

Cannot set VR devices because the platform passed isn't supported by Unity.

Cannot set VR devices because the platform passed isn't supported by Unity.

Cannot set VR devices because the platform passed isn't supported by Unity.

Cannot set VR devices because the platform passed isn't supported by Unity.

Cannot set VR devices because the platform passed isn't supported by Unity.

Launched and connected shader compiler UnityShaderCompiler.exe after 0.04 seconds
Refreshing native plugins compatible for Editor in 0.56 ms, found 0 plugins.
Preloading 0 native plugins for Editor in 0.00 ms.
Unloading 1390 Unused Serialized files (Serialized files now loaded: 0)
System memory in use before: 65.2 MB.
System memory in use after: 65.3 MB.

Unloading 33 unused Assets to reduce memory usage. Loaded Objects now: 1817.
Total: 3.163500 ms (FindLiveObjects: 0.502100 ms CreateObjectMapping: 0.085100 ms MarkObjects: 2.504100 ms  DeleteObjects: 0.070200 ms)

========================================================================
Received Import Request.
  path: Assets/Scenes/Credits.unity
  artifactKey: Guid(5e028ad5395ce0f4d89fd4c9a6bd8749) Importer(815301076,1909f56bfc062723c751e8b465ee728b)
Start importing Assets/Scenes/Credits.unity using Guid(5e028ad5395ce0f4d89fd4c9a6bd8749) Importer(815301076,1909f56bfc062723c751e8b465ee728b)  -> (artifact id: '728fa493621dc51f7535babba83a2b17') in 0.520626 seconds
  Import took 0.589953 seconds .

========================================================================
Received Import Request.
  Time since last request: 0.036534 seconds.
  path: Assets/Scenes/FourthLevel.unity
  artifactKey: Guid(5cd6bf699b73da1479269d383ccfd85d) Importer(815301076,1909f56bfc062723c751e8b465ee728b)
Start importing Assets/Scenes/FourthLevel.unity using Guid(5cd6bf699b73da1479269d383ccfd85d) Importer(815301076,1909f56bfc062723c751e8b465ee728b)  -> (artifact id: '99b7e04e37670d3b6cf4cb96a53495f9') in 0.004844 seconds
  Import took 0.080227 seconds .

========================================================================
Received Import Request.
  Time since last request: 0.000710 seconds.
  path: Assets/Scenes/SeventhLevel.unity
  artifactKey: Guid(df19a581195e11a41bbf05dc01e616b2) Importer(815301076,1909f56bfc062723c751e8b465ee728b)
Start importing Assets/Scenes/SeventhLevel.unity using Guid(df19a581195e11a41bbf05dc01e616b2) Importer(815301076,1909f56bfc062723c751e8b465ee728b)  -> (artifact id: '301322f813b00d63ceb916f48e909ccd') in 0.010702 seconds
  Import took 0.018384 seconds .

========================================================================
Received Import Request.
  Time since last request: 0.000682 seconds.
  path: Assets/Scenes/SecondLevelSettings.lighting
  artifactKey: Guid(7c3b1492040ffb544b90edaa1035d4e8) Importer(815301076,1909f56bfc062723c751e8b465ee728b)
Start importing Assets/Scenes/SecondLevelSettings.lighting using Guid(7c3b1492040ffb544b90edaa1035d4e8) Importer(815301076,1909f56bfc062723c751e8b465ee728b) LightingSettings: switching bake backend from 1 to 0.
 -> (artifact id: 'e0efc52f026bc223c45aa372f0244ef3') in 0.147040 seconds
  Import took 0.153093 seconds .

========================================================================
Received Import Request.
  Time since last request: 0.000341 seconds.
  path: Assets/Scenes/SixthLevel.unity
  artifactKey: Guid(cbdde320533835e4b9630e201a06bc3a) Importer(815301076,1909f56bfc062723c751e8b465ee728b)
Start importing Assets/Scenes/SixthLevel.unity using Guid(cbdde320533835e4b9630e201a06bc3a) Importer(815301076,1909f56bfc062723c751e8b465ee728b)  -> (artifact id: '05c302c6d50775a126e4fbc37e88fc8b') in 0.004516 seconds
  Import took 0.008371 seconds .

========================================================================
Received Import Request.
  Time since last request: 0.000347 seconds.
  path: Assets/Scenes/ThirdLevel.unity
  artifactKey: Guid(6f63c0b422e40594e9be895bc32aa2e0) Importer(815301076,1909f56bfc062723c751e8b465ee728b)
Start importing Assets/Scenes/ThirdLevel.unity using Guid(6f63c0b422e40594e9be895bc32aa2e0) Importer(815301076,1909f56bfc062723c751e8b465ee728b)  -> (artifact id: '10fa0e41cace83585bfdc2efba58e7f9') in 0.004714 seconds
  Import took 0.007899 seconds .

========================================================================
Received Import Request.
  Time since last request: 92.957471 seconds.
  path: Assets/Sprites/UISprites/CloseBtn.png
  artifactKey: Guid(d3502882c10b9004fb84880a4a5a99cb) Importer(815301076,1909f56bfc062723c751e8b465ee728b)
Start importing Assets/Sprites/UISprites/CloseBtn.png using Guid(d3502882c10b9004fb84880a4a5a99cb) Importer(815301076,1909f56bfc062723c751e8b465ee728b)  -> (artifact id: 'a991180a31cab666a296fa44b00b403c') in 0.320475 seconds
  Import took 0.367128 seconds .

========================================================================
Received Import Request.
  Time since last request: 0.000361 seconds.
  path: Assets/Sprites/UISprites/Icon.png
  artifactKey: Guid(b77baea34d8acbd42ba9f782ef81ed73) Importer(815301076,1909f56bfc062723c751e8b465ee728b)
Start importing Assets/Sprites/UISprites/Icon.png using Guid(b77baea34d8acbd42ba9f782ef81ed73) Importer(815301076,1909f56bfc062723c751e8b465ee728b)  -> (artifact id: '4eb00876513ab8aca5771eb16e92a354') in 0.179583 seconds
  Import took 0.184032 seconds .

========================================================================
Received Import Request.
  Time since last request: 0.000350 seconds.
  path: Assets/Sprites/UISprites/Icon1024.png
  artifactKey: Guid(ed9fed281b8c8a340aa8351cc52767c2) Importer(815301076,1909f56bfc062723c751e8b465ee728b)
Start importing Assets/Sprites/UISprites/Icon1024.png using Guid(ed9fed281b8c8a340aa8351cc52767c2) Importer(815301076,1909f56bfc062723c751e8b465ee728b)  -> (artifact id: 'e403fcc1e337089e4f22ab2b64c6ad42') in 0.331645 seconds
  Import took 0.337417 seconds .

========================================================================
Received Import Request.
  Time since last request: 0.000352 seconds.
  path: Assets/Sprites/UISprites/Icon.png
  artifactKey: Guid(b77baea34d8acbd42ba9f782ef81ed73) Importer(815301076,1909f56bfc062723c751e8b465ee728b)
Start importing Assets/Sprites/UISprites/Icon.png using Guid(b77baea34d8acbd42ba9f782ef81ed73) Importer(815301076,1909f56bfc062723c751e8b465ee728b)  -> (artifact id: '4eb00876513ab8aca5771eb16e92a354') in 0.023194 seconds
  Import took 0.027842 seconds .

========================================================================
Received Import Request.
  Time since last request: 0.000338 seconds.
  path: Assets/Sprites/UISprites/jumpCtrler - Copia - Copia (2).png
  artifactKey: Guid(f864c8c06ea0a1e47b12f928a714f7e8) Importer(815301076,1909f56bfc062723c751e8b465ee728b)
Start importing Assets/Sprites/UISprites/jumpCtrler - Copia - Copia (2).png using Guid(f864c8c06ea0a1e47b12f928a714f7e8) Importer(815301076,1909f56bfc062723c751e8b465ee728b)  -> (artifact id: '777fcc82978765ad2ee3348d7bd6b61c') in 0.049449 seconds
  Import took 0.053864 seconds .

========================================================================
Received Import Request.
  Time since last request: 0.000346 seconds.
  path: Assets/Sprites/UISprites/jumpCtrler - Copia.png
  artifactKey: Guid(4f935d7ad754c154eacf97409983f14c) Importer(815301076,1909f56bfc062723c751e8b465ee728b)
Start importing Assets/Sprites/UISprites/jumpCtrler - Copia.png using Guid(4f935d7ad754c154eacf97409983f14c) Importer(815301076,1909f56bfc062723c751e8b465ee728b)  -> (artifact id: '1f0a6d50b03ff3de7d79cf6f978d8192') in 0.016966 seconds
  Import took 0.021445 seconds .

========================================================================
Received Import Request.
  Time since last request: 0.000321 seconds.
  path: Assets/Sprites/UISprites/jumpCtrler - Copia - Copia.png
  artifactKey: Guid(9cba45f6f0e33294d8a17abd5277f880) Importer(815301076,1909f56bfc062723c751e8b465ee728b)
Start importing Assets/Sprites/UISprites/jumpCtrler - Copia - Copia.png using Guid(9cba45f6f0e33294d8a17abd5277f880) Importer(815301076,1909f56bfc062723c751e8b465ee728b)  -> (artifact id: '814eef80c669f1604ed669b90029e3ac') in 0.016772 seconds
  Import took 0.021159 seconds .

========================================================================
Received Import Request.
  Time since last request: 0.000450 seconds.
  path: Assets/Sprites/UISprites/jumpCtrler.png
  artifactKey: Guid(0b625d59cc920c94088b7a322022a676) Importer(815301076,1909f56bfc062723c751e8b465ee728b)
Start importing Assets/Sprites/UISprites/jumpCtrler.png using Guid(0b625d59cc920c94088b7a322022a676) Importer(815301076,1909f56bfc062723c751e8b465ee728b)  -> (artifact id: '446bff144dc200e9ec7d6f41d22247d5') in 0.018416 seconds
  Import took 0.023022 seconds .

========================================================================
Received Import Request.
  Time since last request: 3.059717 seconds.
  path: Assets/Sprites/UISprites/Button.png
  artifactKey: Guid(be859fb7f90e8e94b99456b86a15bfea) Importer(815301076,1909f56bfc062723c751e8b465ee728b)
Start importing Assets/Sprites/UISprites/Button.png using Guid(be859fb7f90e8e94b99456b86a15bfea) Importer(815301076,1909f56bfc062723c751e8b465ee728b)  -> (artifact id: 'a4d8805f31813de91b57361d31f5792f') in 1.031736 seconds
  Import took 1.073189 seconds .

